Sep 28 15:23:03 fedora audit[1172]: USER_AUTH pid=1172 uid=0 auid=4294967295 ses=4294967295 subj=system_u:system_r:xdm_t:s0-s0:c0.c1023 msg='op=PAM:authentication grantors=pam_permit acct="gdm" exe="/usr/libexec/gdm-session-worker" hostname=fedora addr=? terminal=/dev/tty1 res=success'
Sep 28 15:23:03 fedora audit[1172]: USER_ACCT pid=1172 uid=0 auid=4294967295 ses=4294967295 subj=system_u:system_r:xdm_t:s0-s0:c0.c1023 msg='op=PAM:accounting grantors=pam_permit acct="gdm" exe="/usr/libexec/gdm-session-worker" hostname=fedora addr=? terminal=/dev/tty1 res=success'
Sep 28 15:23:03 fedora audit[1172]: CRED_ACQ pid=1172 uid=0 auid=4294967295 ses=4294967295 subj=system_u:system_r:xdm_t:s0-s0:c0.c1023 msg='op=PAM:setcred grantors=pam_permit acct="gdm" exe="/usr/libexec/gdm-session-worker" hostname=fedora addr=? terminal=/dev/tty1 res=success'
Sep 28 15:23:03 fedora audit[1189]: USER_ACCT pid=1189 uid=0 auid=4294967295 ses=4294967295 subj=system_u:system_r:init_t:s0 msg='op=PAM:accounting grantors=pam_unix acct="gdm" exe="/usr/lib/systemd/systemd-executor" hostname=? addr=? terminal=? res=success'
Sep 28 15:23:03 fedora audit[1189]: USER_ROLE_CHANGE pid=1189 uid=0 auid=4294967295 ses=4294967295 subj=system_u:system_r:init_t:s0 msg='op=pam_selinux default-context=unconfined_u:unconfined_r:unconfined_t:s0-s0:c0.c1023 selected-context=unconfined_u:unconfined_r:unconfined_t:s0-s0:c0.c1023 exe="/usr/lib/systemd/systemd-executor" hostname=? addr=? terminal=? res=success'
Sep 28 15:23:03 fedora (systemd)[1189]: pam_unix(systemd-user:session): session opened for user gdm(uid=42) by gdm(uid=0)
Sep 28 15:23:03 fedora audit[1189]: USER_START pid=1189 uid=0 auid=42 ses=1 subj=system_u:system_r:init_t:s0 msg='op=PAM:session_open grantors=pam_selinux,pam_selinux,pam_loginuid,pam_keyinit,pam_namespace,pam_systemd_home,pam_umask,pam_keyinit,pam_limits,pam_systemd,pam_unix acct="gdm" exe="/usr/lib/systemd/systemd-executor" hostname=? addr=? terminal=? res=success'
Sep 28 15:23:03 fedora gdm-launch-environment][1172]: pam_unix(gdm-launch-environment:session): session opened for user gdm(uid=42) by (uid=0)
Sep 28 15:23:03 fedora audit[1172]: USER_START pid=1172 uid=0 auid=4294967295 ses=4294967295 subj=system_u:system_r:xdm_t:s0-s0:c0.c1023 msg='op=PAM:session_open grantors=pam_keyinit,pam_keyinit,pam_limits,pam_systemd,pam_unix,pam_umask acct="gdm" exe="/usr/libexec/gdm-session-worker" hostname=fedora addr=? terminal=/dev/tty1 res=success'
Sep 28 15:23:12 fedora gdm-password][1881]: gkr-pam: unable to locate daemon control file
Sep 28 15:23:12 fedora audit[1881]: USER_AUTH pid=1881 uid=0 auid=4294967295 ses=4294967295 subj=system_u:system_r:xdm_t:s0-s0:c0.c1023 msg='op=PAM:authentication grantors=pam_unix,pam_gnome_keyring acct="atzufuki" exe="/usr/libexec/gdm-session-worker" hostname=fedora addr=? terminal=/dev/tty1 res=success'
Sep 28 15:23:12 fedora gdm-password][1881]: gkr-pam: stashed password to try later in open session
Sep 28 15:23:12 fedora audit[1881]: USER_ACCT pid=1881 uid=0 auid=4294967295 ses=4294967295 subj=system_u:system_r:xdm_t:s0-s0:c0.c1023 msg='op=PAM:accounting grantors=pam_unix acct="atzufuki" exe="/usr/libexec/gdm-session-worker" hostname=fedora addr=? terminal=/dev/tty1 res=success'
Sep 28 15:23:12 fedora audit[1881]: CRED_ACQ pid=1881 uid=0 auid=4294967295 ses=4294967295 subj=system_u:system_r:xdm_t:s0-s0:c0.c1023 msg='op=PAM:setcred grantors=pam_unix,pam_gnome_keyring acct="atzufuki" exe="/usr/libexec/gdm-session-worker" hostname=fedora addr=? terminal=/dev/tty1 res=success'
Sep 28 15:23:12 fedora audit[1881]: USER_ROLE_CHANGE pid=1881 uid=0 auid=1000 ses=2 subj=system_u:system_r:xdm_t:s0-s0:c0.c1023 msg='op=pam_selinux default-context=unconfined_u:unconfined_r:unconfined_t:s0-s0:c0.c1023 selected-context=unconfined_u:unconfined_r:unconfined_t:s0-s0:c0.c1023 exe="/usr/libexec/gdm-session-worker" hostname=fedora addr=? terminal=/dev/tty2 res=success'
Sep 28 15:23:12 fedora audit[1890]: USER_ACCT pid=1890 uid=0 auid=4294967295 ses=4294967295 subj=system_u:system_r:init_t:s0 msg='op=PAM:accounting grantors=pam_unix acct="atzufuki" exe="/usr/lib/systemd/systemd-executor" hostname=? addr=? terminal=? res=success'
Sep 28 15:23:12 fedora audit[1890]: USER_ROLE_CHANGE pid=1890 uid=0 auid=4294967295 ses=4294967295 subj=system_u:system_r:init_t:s0 msg='op=pam_selinux default-context=unconfined_u:unconfined_r:unconfined_t:s0-s0:c0.c1023 selected-context=unconfined_u:unconfined_r:unconfined_t:s0-s0:c0.c1023 exe="/usr/lib/systemd/systemd-executor" hostname=? addr=? terminal=? res=success'
Sep 28 15:23:12 fedora (systemd)[1890]: pam_unix(systemd-user:session): session opened for user atzufuki(uid=1000) by atzufuki(uid=0)
Sep 28 15:23:12 fedora audit[1890]: USER_START pid=1890 uid=0 auid=1000 ses=3 subj=system_u:system_r:init_t:s0 msg='op=PAM:session_open grantors=pam_selinux,pam_selinux,pam_loginuid,pam_keyinit,pam_namespace,pam_systemd_home,pam_umask,pam_keyinit,pam_limits,pam_systemd,pam_unix acct="atzufuki" exe="/usr/lib/systemd/systemd-executor" hostname=? addr=? terminal=? res=success'
Sep 28 15:23:12 fedora gdm-password][1881]: pam_unix(gdm-password:session): session opened for user atzufuki(uid=1000) by atzufuki(uid=0)
Sep 28 15:23:12 fedora gdm-password][1881]: gkr-pam: gnome-keyring-daemon started properly and unlocked keyring
Sep 28 15:23:12 fedora audit[1881]: USER_START pid=1881 uid=0 auid=1000 ses=2 subj=system_u:system_r:xdm_t:s0-s0:c0.c1023 msg='op=PAM:session_open grantors=pam_selinux,pam_loginuid,pam_selinux,pam_keyinit,pam_namespace,pam_keyinit,pam_limits,pam_systemd,pam_unix,pam_gnome_keyring,pam_umask acct="atzufuki" exe="/usr/libexec/gdm-session-worker" hostname=fedora addr=? terminal=/dev/tty2 res=success'
Sep 28 15:23:16 fedora gdm-launch-environment][1172]: pam_unix(gdm-launch-environment:session): session closed for user gdm
Sep 28 15:23:16 fedora audit[1172]: USER_END pid=1172 uid=0 auid=4294967295 ses=4294967295 subj=system_u:system_r:xdm_t:s0-s0:c0.c1023 msg='op=PAM:session_close grantors=pam_keyinit,pam_keyinit,pam_limits,pam_systemd,pam_unix,pam_umask acct="gdm" exe="/usr/libexec/gdm-session-worker" hostname=fedora addr=? terminal=/dev/tty1 res=success'
Sep 28 15:23:16 fedora audit[1172]: CRED_DISP pid=1172 uid=0 auid=4294967295 ses=4294967295 subj=system_u:system_r:xdm_t:s0-s0:c0.c1023 msg='op=PAM:setcred grantors=pam_permit acct="gdm" exe="/usr/libexec/gdm-session-worker" hostname=fedora addr=? terminal=/dev/tty1 res=success'
Sep 28 15:27:30 fedora gdm-password][1881]: pam_unix(gdm-password:session): session closed for user atzufuki
Sep 28 15:27:30 fedora audit[1881]: USER_END pid=1881 uid=0 auid=1000 ses=2 subj=system_u:system_r:xdm_t:s0-s0:c0.c1023 msg='op=PAM:session_close grantors=pam_selinux,pam_loginuid,pam_selinux,pam_keyinit,pam_namespace,pam_keyinit,pam_limits,pam_systemd,pam_unix,pam_gnome_keyring,pam_umask acct="atzufuki" exe="/usr/libexec/gdm-session-worker" hostname=fedora addr=? terminal=/dev/tty2 res=success'
Sep 28 15:27:30 fedora audit[1881]: CRED_DISP pid=1881 uid=0 auid=1000 ses=2 subj=system_u:system_r:xdm_t:s0-s0:c0.c1023 msg='op=PAM:setcred grantors=pam_unix,pam_gnome_keyring acct="atzufuki" exe="/usr/libexec/gdm-session-worker" hostname=fedora addr=? terminal=/dev/tty2 res=success'
Sep 28 15:27:31 fedora audit[3546]: USER_AUTH pid=3546 uid=0 auid=4294967295 ses=4294967295 subj=system_u:system_r:xdm_t:s0-s0:c0.c1023 msg='op=PAM:authentication grantors=pam_permit acct="gdm" exe="/usr/libexec/gdm-session-worker" hostname=fedora addr=? terminal=/dev/tty1 res=success'
Sep 28 15:27:31 fedora audit[3546]: USER_ACCT pid=3546 uid=0 auid=4294967295 ses=4294967295 subj=system_u:system_r:xdm_t:s0-s0:c0.c1023 msg='op=PAM:accounting grantors=pam_permit acct="gdm" exe="/usr/libexec/gdm-session-worker" hostname=fedora addr=? terminal=/dev/tty1 res=success'
Sep 28 15:27:31 fedora audit[3546]: CRED_ACQ pid=3546 uid=0 auid=4294967295 ses=4294967295 subj=system_u:system_r:xdm_t:s0-s0:c0.c1023 msg='op=PAM:setcred grantors=pam_permit acct="gdm" exe="/usr/libexec/gdm-session-worker" hostname=fedora addr=? terminal=/dev/tty1 res=success'
Sep 28 15:27:31 fedora audit[3564]: USER_ACCT pid=3564 uid=0 auid=4294967295 ses=4294967295 subj=system_u:system_r:init_t:s0 msg='op=PAM:accounting grantors=pam_unix acct="gdm" exe="/usr/lib/systemd/systemd-executor" hostname=? addr=? terminal=? res=success'
Sep 28 15:27:31 fedora audit[3564]: USER_ROLE_CHANGE pid=3564 uid=0 auid=4294967295 ses=4294967295 subj=system_u:system_r:init_t:s0 msg='op=pam_selinux default-context=unconfined_u:unconfined_r:unconfined_t:s0-s0:c0.c1023 selected-context=unconfined_u:unconfined_r:unconfined_t:s0-s0:c0.c1023 exe="/usr/lib/systemd/systemd-executor" hostname=? addr=? terminal=? res=success'
Sep 28 15:27:31 fedora (systemd)[3564]: pam_unix(systemd-user:session): session opened for user gdm(uid=42) by gdm(uid=0)
Sep 28 15:27:31 fedora audit[3564]: USER_START pid=3564 uid=0 auid=42 ses=4 subj=system_u:system_r:init_t:s0 msg='op=PAM:session_open grantors=pam_selinux,pam_selinux,pam_loginuid,pam_keyinit,pam_namespace,pam_systemd_home,pam_umask,pam_keyinit,pam_limits,pam_systemd,pam_unix acct="gdm" exe="/usr/lib/systemd/systemd-executor" hostname=? addr=? terminal=? res=success'
Sep 28 15:27:31 fedora gdm-launch-environment][3546]: pam_unix(gdm-launch-environment:session): session opened for user gdm(uid=42) by (uid=0)
Sep 28 15:27:31 fedora audit[3546]: USER_START pid=3546 uid=0 auid=4294967295 ses=4294967295 subj=system_u:system_r:xdm_t:s0-s0:c0.c1023 msg='op=PAM:session_open grantors=pam_keyinit,pam_keyinit,pam_limits,pam_systemd,pam_unix,pam_umask acct="gdm" exe="/usr/libexec/gdm-session-worker" hostname=fedora addr=? terminal=/dev/tty1 res=success'
Sep 28 15:27:39 fedora gdm-password][4208]: gkr-pam: unable to locate daemon control file
Sep 28 15:27:39 fedora audit[4208]: USER_AUTH pid=4208 uid=0 auid=4294967295 ses=4294967295 subj=system_u:system_r:xdm_t:s0-s0:c0.c1023 msg='op=PAM:authentication grantors=pam_unix,pam_gnome_keyring acct="atzufuki" exe="/usr/libexec/gdm-session-worker" hostname=fedora addr=? terminal=/dev/tty1 res=success'
Sep 28 15:27:39 fedora gdm-password][4208]: gkr-pam: stashed password to try later in open session
Sep 28 15:27:39 fedora audit[4208]: USER_ACCT pid=4208 uid=0 auid=4294967295 ses=4294967295 subj=system_u:system_r:xdm_t:s0-s0:c0.c1023 msg='op=PAM:accounting grantors=pam_unix acct="atzufuki" exe="/usr/libexec/gdm-session-worker" hostname=fedora addr=? terminal=/dev/tty1 res=success'
Sep 28 15:27:39 fedora audit[4208]: CRED_ACQ pid=4208 uid=0 auid=4294967295 ses=4294967295 subj=system_u:system_r:xdm_t:s0-s0:c0.c1023 msg='op=PAM:setcred grantors=pam_unix,pam_gnome_keyring acct="atzufuki" exe="/usr/libexec/gdm-session-worker" hostname=fedora addr=? terminal=/dev/tty1 res=success'
Sep 28 15:27:39 fedora audit[4208]: USER_ROLE_CHANGE pid=4208 uid=0 auid=1000 ses=5 subj=system_u:system_r:xdm_t:s0-s0:c0.c1023 msg='op=pam_selinux default-context=unconfined_u:unconfined_r:unconfined_t:s0-s0:c0.c1023 selected-context=unconfined_u:unconfined_r:unconfined_t:s0-s0:c0.c1023 exe="/usr/libexec/gdm-session-worker" hostname=fedora addr=? terminal=/dev/tty2 res=success'
Sep 28 15:27:39 fedora gdm-password][4208]: pam_unix(gdm-password:session): session opened for user atzufuki(uid=1000) by atzufuki(uid=0)
Sep 28 15:27:39 fedora gdm-password][4208]: gkr-pam: gnome-keyring-daemon started properly and unlocked keyring
Sep 28 15:27:39 fedora audit[4208]: USER_START pid=4208 uid=0 auid=1000 ses=5 subj=system_u:system_r:xdm_t:s0-s0:c0.c1023 msg='op=PAM:session_open grantors=pam_selinux,pam_loginuid,pam_selinux,pam_keyinit,pam_namespace,pam_keyinit,pam_limits,pam_systemd,pam_unix,pam_gnome_keyring,pam_umask acct="atzufuki" exe="/usr/libexec/gdm-session-worker" hostname=fedora addr=? terminal=/dev/tty2 res=success'
Sep 28 15:27:39 fedora gdm-password][4208]: pam_unix(gdm-password:session): session closed for user atzufuki
Sep 28 15:27:39 fedora audit[4208]: USER_END pid=4208 uid=0 auid=1000 ses=5 subj=system_u:system_r:xdm_t:s0-s0:c0.c1023 msg='op=PAM:session_close grantors=pam_selinux,pam_loginuid,pam_selinux,pam_keyinit,pam_namespace,pam_keyinit,pam_limits,pam_systemd,pam_unix,pam_gnome_keyring,pam_umask acct="atzufuki" exe="/usr/libexec/gdm-session-worker" hostname=fedora addr=? terminal=/dev/tty2 res=success'
Sep 28 15:27:39 fedora audit[4208]: CRED_DISP pid=4208 uid=0 auid=1000 ses=5 subj=system_u:system_r:xdm_t:s0-s0:c0.c1023 msg='op=PAM:setcred grantors=pam_unix,pam_gnome_keyring acct="atzufuki" exe="/usr/libexec/gdm-session-worker" hostname=fedora addr=? terminal=/dev/tty2 res=success'
Sep 28 15:27:52 fedora audit[4298]: USER_AUTH pid=4298 uid=0 auid=4294967295 ses=4294967295 subj=system_u:system_r:local_login_t:s0-s0:c0.c1023 msg='op=PAM:authentication grantors=pam_unix acct="atzufuki" exe="/usr/bin/login" hostname=fedora addr=? terminal=/dev/tty3 res=success'
Sep 28 15:27:52 fedora audit[4298]: USER_ACCT pid=4298 uid=0 auid=4294967295 ses=4294967295 subj=system_u:system_r:local_login_t:s0-s0:c0.c1023 msg='op=PAM:accounting grantors=pam_unix acct="atzufuki" exe="/usr/bin/login" hostname=fedora addr=? terminal=/dev/tty3 res=success'
Sep 28 15:27:52 fedora audit[4298]: CRED_ACQ pid=4298 uid=0 auid=4294967295 ses=4294967295 subj=system_u:system_r:local_login_t:s0-s0:c0.c1023 msg='op=PAM:setcred grantors=pam_unix acct="atzufuki" exe="/usr/bin/login" hostname=fedora addr=? terminal=/dev/tty3 res=success'
Sep 28 15:27:52 fedora audit[4298]: USER_ROLE_CHANGE pid=4298 uid=0 auid=1000 ses=6 subj=system_u:system_r:local_login_t:s0-s0:c0.c1023 msg='op=pam_selinux default-context=unconfined_u:unconfined_r:unconfined_t:s0-s0:c0.c1023 selected-context=unconfined_u:unconfined_r:unconfined_t:s0-s0:c0.c1023 exe="/usr/bin/login" hostname=fedora addr=? terminal=/dev/tty3 res=success'
Sep 28 15:27:52 fedora audit[4338]: USER_ACCT pid=4338 uid=0 auid=4294967295 ses=4294967295 subj=system_u:system_r:init_t:s0 msg='op=PAM:accounting grantors=pam_unix acct="atzufuki" exe="/usr/lib/systemd/systemd-executor" hostname=? addr=? terminal=? res=success'
Sep 28 15:27:52 fedora audit[4338]: USER_ROLE_CHANGE pid=4338 uid=0 auid=4294967295 ses=4294967295 subj=system_u:system_r:init_t:s0 msg='op=pam_selinux default-context=unconfined_u:unconfined_r:unconfined_t:s0-s0:c0.c1023 selected-context=unconfined_u:unconfined_r:unconfined_t:s0-s0:c0.c1023 exe="/usr/lib/systemd/systemd-executor" hostname=? addr=? terminal=? res=success'
Sep 28 15:27:52 fedora (systemd)[4338]: pam_unix(systemd-user:session): session opened for user atzufuki(uid=1000) by atzufuki(uid=0)
Sep 28 15:27:52 fedora audit[4338]: USER_START pid=4338 uid=0 auid=1000 ses=7 subj=system_u:system_r:init_t:s0 msg='op=PAM:session_open grantors=pam_selinux,pam_selinux,pam_loginuid,pam_keyinit,pam_namespace,pam_systemd_home,pam_umask,pam_keyinit,pam_limits,pam_systemd,pam_unix acct="atzufuki" exe="/usr/lib/systemd/systemd-executor" hostname=? addr=? terminal=? res=success'
Sep 28 15:27:52 fedora login[4298]: pam_unix(login:session): session opened for user atzufuki(uid=1000) by atzufuki(uid=0)
Sep 28 15:27:52 fedora audit[4298]: USER_START pid=4298 uid=0 auid=1000 ses=6 subj=system_u:system_r:local_login_t:s0-s0:c0.c1023 msg='op=PAM:session_open grantors=pam_selinux,pam_loginuid,pam_selinux,pam_namespace,pam_keyinit,pam_keyinit,pam_limits,pam_systemd,pam_unix,pam_umask,pam_lastlog acct="atzufuki" exe="/usr/bin/login" hostname=fedora addr=? terminal=/dev/tty3 res=success'
Sep 28 15:27:52 fedora audit[4298]: CRED_REFR pid=4298 uid=0 auid=1000 ses=6 subj=system_u:system_r:local_login_t:s0-s0:c0.c1023 msg='op=PAM:setcred grantors=pam_unix acct="atzufuki" exe="/usr/bin/login" hostname=fedora addr=? terminal=/dev/tty3 res=success'
