=== Session started at ma 3.11.2025 09.57.50 +0200 ===
Environment:
DBUS_SESSION_BUS_ADDRESS=unix:path=/run/user/1000/bus
DESKTOP_SESSION=distrobox-gnome
GDM_LANG=fi_FI.UTF-8
GDMSESSION=distrobox-gnome
HOME=/home/atzufuki
LANG=fi_FI.UTF-8
LOGNAME=atzufuki
PATH=/usr/local/bin:/usr/bin
PWD=/home/atzufuki
SHELL=/bin/bash
SHLVL=1
USER=atzufuki
USERNAME=atzufuki
_=/usr/bin/env
XDG_CURRENT_DESKTOP=GNOME
XDG_DATA_DIRS=/home/atzufuki/.local/share/flatpak/exports/share:/var/lib/flatpak/exports/share:/usr/local/share/:/usr/share/
XDG_RUNTIME_DIR=/run/user/1000
XDG_SEAT=seat0
XDG_SESSION_CLASS=user
XDG_SESSION_DESKTOP=distrobox-gnome
XDG_SESSION_ID=2
XDG_SESSION_TYPE=wayland
XDG_VTNR=2

Running on TTY, using DRM backend with software rendering
Waiting for Weston to initialize...
Date: 2025-11-03 EET
[09:57:50.105] weston 14.0.2
               https://wayland.freedesktop.org
               Bug reports to: https://gitlab.freedesktop.org/wayland/weston/issues/
               Build: 14.0.2
[09:57:50.105] Command line: weston --backend=drm-backend.so
[09:57:50.105] OS: Linux, 6.17.5-300.fc43.x86_64, #1 SMP PREEMPT_DYNAMIC Thu Oct 23 15:35:13 UTC 2025, x86_64
[09:57:50.105] Flight recorder: enabled
[09:57:50.105] Starting with no config file.
[09:57:50.106] Output repaint window is 7 ms maximum.
[09:57:50.108] Loading module '/usr/lib64/libweston-14/drm-backend.so'
[09:57:50.111] initializing drm backend
[09:57:50.112] Trying libseat launcher...
[09:57:50.114] [libseat/libseat.c:62] Seat opened with backend 'logind'
[09:57:50.114] libseat: session control granted
[09:57:50.118] using /dev/dri/card0
[09:57:50.118] DRM: supports atomic modesetting
[09:57:50.118] DRM: supports GBM modifiers
[09:57:50.118] DRM: does not support Atomic async page flip
[09:57:50.118] DRM: supports picture aspect ratio
VMware: No 3D enabled (0, Success).
VMware: No 3D enabled (0, Success).
[09:57:50.133] Loading module '/usr/lib64/libweston-14/gl-renderer.so'
[09:57:50.134] warning: failed to query rendering device from EGL
[09:57:50.135] EGL version: 1.5
[09:57:50.135] EGL vendor: Mesa Project
[09:57:50.135] EGL client APIs: OpenGL OpenGL_ES 
[09:57:50.135] EGL features:
               EGL Wayland extension: no
               context priority: no
               buffer age: yes
               partial update: no
               swap buffers with damage: no
               configless context: yes
               surfaceless context: yes
               dmabuf support: modifiers
[09:57:50.148] GL version: OpenGL ES 3.2 Mesa 25.2.5
[09:57:50.148] GLSL version: OpenGL ES GLSL ES 3.20
[09:57:50.148] GL vendor: Mesa
[09:57:50.148] GL renderer: llvmpipe (LLVM 21.1.2, 256 bits)
[09:57:50.156] GL ES 3.2 - renderer features:
               read-back format: ARGB8888
               glReadPixels supports y-flip: yes
               glReadPixels supports PBO: yes
               wl_shm 10 bpc formats: yes
               wl_shm 16 bpc formats: yes
               wl_shm half-float formats: yes
               internal R and RG formats: yes
               OES_EGL_image_external: yes
[09:57:50.156] Using GL renderer
[09:57:50.165] event0  - Power Button: is tagged by udev as: Keyboard
[09:57:50.165] event0  - Power Button: device is a keyboard
[09:57:50.167] event1  - Sleep Button: is tagged by udev as: Keyboard
[09:57:50.167] event1  - Sleep Button: device is a keyboard
[09:57:50.169] event5  - Video Bus: is tagged by udev as: Keyboard
[09:57:50.169] event5  - Video Bus: device is a keyboard
[09:57:50.171] event6  - VirtualBox mouse integration: is tagged by udev as: Mouse
[09:57:50.171] event6  - VirtualBox mouse integration: device is a pointer
[09:57:50.227] event4  - VirtualBox USB Tablet: is tagged by udev as: Mouse
[09:57:50.228] event4  - VirtualBox USB Tablet: device is a pointer
[09:57:50.230] event2  - AT Translated Set 2 keyboard: is tagged by udev as: Keyboard
[09:57:50.230] event2  - AT Translated Set 2 keyboard: device is a keyboard
[09:57:50.232] event3  - ImExPS/2 Generic Explorer Mouse: is tagged by udev as: Mouse
[09:57:50.232] event3  - ImExPS/2 Generic Explorer Mouse: emulating high-resolution scroll wheel events.
[09:57:50.232] event3  - ImExPS/2 Generic Explorer Mouse: device is a pointer
[09:57:50.234] event7  - PC Speaker: not tagged as supported input device
[09:57:50.235] event7  - not using input device '/dev/input/event7'
[09:57:50.237] libinput: configuring device "Power Button".
[09:57:50.237] libinput: configuring device "Sleep Button".
[09:57:50.237] libinput: configuring device "Video Bus".
[09:57:50.237] libinput: configuring device "VirtualBox mouse integration".
[09:57:50.237] input device event6 has no enabled output associated (none named), skipping calibration for now.
[09:57:50.237] libinput: configuring device "VirtualBox USB Tablet".
[09:57:50.237] input device event4 has no enabled output associated (none named), skipping calibration for now.
[09:57:50.237] libinput: configuring device "AT Translated Set 2 keyboard".
[09:57:50.237] libinput: configuring device "ImExPS/2 Generic Explorer Mouse".
[09:57:50.237] DRM: head 'Virtual-1' found, connector 42 is connected, EDID make 'unknown', model 'unknown', serial ''
               Supported EOTF modes: SDR
               Supported colorimetry modes: default
[09:57:50.237] DRM: head 'Virtual-2' found, connector 51 is disconnected.
[09:57:50.238] DRM: head 'Virtual-3' found, connector 60 is disconnected.
[09:57:50.238] DRM: head 'Virtual-4' found, connector 69 is disconnected.
[09:57:50.238] DRM: head 'Virtual-5' found, connector 78 is disconnected.
[09:57:50.238] DRM: head 'Virtual-6' found, connector 87 is disconnected.
[09:57:50.238] DRM: head 'Virtual-7' found, connector 96 is disconnected.
[09:57:50.238] DRM: head 'Virtual-8' found, connector 105 is disconnected.
[09:57:50.238] Registered plugin API 'weston_drm_output_api_v1' of size 40
[09:57:50.238] Registered plugin API 'weston_drm_virtual_output_api_v2' of size 48
[09:57:50.238] Color manager: no-op
                 protocol support: no
[09:57:50.238] Output 'Virtual-1' attempts EOTF mode SDR and colorimetry mode default.
[09:57:50.238] Output 'Virtual-1' using color profile: stock sRGB color profile
[09:57:50.238] Chosen EGL config details: id:  31 rgba: 8 8 8 0 buf: 24 dep:  0 stcl: 0 int: 1-1 type: win vis_id: XRGB8888 (0x34325258)
[09:57:50.238] Output Virtual-1 (crtc 44) video modes:
               1601x941@60.0, preferred, current, 114.6 MHz
               1920x1440@60.0, 234.0 MHz
               1856x1392@60.0, 218.2 MHz
               1792x1344@60.0, 204.8 MHz
               2048x1152@60.0, 162.0 MHz
               1920x1200@59.9, 193.2 MHz
               1920x1200@60.0, 154.0 MHz
               1920x1080@60.0, 148.5 MHz
               1600x1200@60.0, 162.0 MHz
               1680x1050@60.0, 146.2 MHz
               1680x1050@59.9, 119.0 MHz
               1400x1050@60.0, 121.8 MHz
               1400x1050@59.9, 101.0 MHz
               1600x900@60.0, 108.0 MHz
               1280x1024@60.0, 108.0 MHz
               1440x900@59.9, 106.5 MHz
               1440x900@59.9, 88.8 MHz
               1280x960@60.0, 108.0 MHz
               1366x768@59.8, 85.5 MHz
               1366x768@60.0, 72.0 MHz
               1360x768@60.0, 85.5 MHz
               1280x800@59.8, 83.5 MHz
               1280x800@59.9, 71.0 MHz
               1280x768@59.9, 79.5 MHz
               1280x768@60.0, 68.2 MHz
               1280x720@60.0, 74.2 MHz
               1024x768@60.0, 65.0 MHz
               800x600@60.3, 40.0 MHz
               800x600@56.2, 36.0 MHz
               848x480@60.0, 33.8 MHz
               640x480@59.9, 25.2 MHz
[09:57:50.238] associating input device event0 with output Virtual-1 (none by udev)
[09:57:50.238] associating input device event1 with output Virtual-1 (none by udev)
[09:57:50.238] associating input device event5 with output Virtual-1 (none by udev)
[09:57:50.238] associating input device event6 with output Virtual-1 (none by udev)
[09:57:50.239] associating input device event4 with output Virtual-1 (none by udev)
[09:57:50.239] associating input device event2 with output Virtual-1 (none by udev)
[09:57:50.239] associating input device event3 with output Virtual-1 (none by udev)
[09:57:50.239] Output 'Virtual-1' enabled with head(s) Virtual-1
[09:57:50.239] Compositor capabilities:
               arbitrary surface rotation: yes
               screen capture uses y-flip: yes
               cursor planes: yes
               arbitrary resolutions: no
               view mask clipping: yes
               explicit sync: yes
               color operations: yes
               presentation clock: CLOCK_MONOTONIC, id 1
               presentation clock resolution: 0.000000001 s
[09:57:50.240] Loading module '/usr/lib64/weston/desktop-shell.so'
[09:57:50.240] launching '/usr/libexec/weston-keyboard'
[09:57:50.241] launching '/usr/libexec/weston-desktop-shell'
could not load cursor 'dnd-copy'
could not load cursor 'dnd-copy'
could not load cursor 'dnd-none'
could not load cursor 'dnd-none'
Weston ready
Starting GNOME session at ma 3.11.2025 09.57.50 +0200
GNOME session PID: 2037
Waiting for GNOME session to finish...
time="2025-11-03T09:57:51+02:00" level=error msg="Refreshing volume 4ad8428992ec5e821d982aaaf804349d099046942f9fbcc9c95d0970bbe32c6e: acquiring lock 1 for volume 4ad8428992ec5e821d982aaaf804349d099046942f9fbcc9c95d0970bbe32c6e: file exists"
time="2025-11-03T09:57:51+02:00" level=error msg="Refreshing volume a260d5e3b54c7ecc10cdca3832ed7f4a8cf2e43e0f2051449007ab006147faee: acquiring lock 2 for volume a260d5e3b54c7ecc10cdca3832ed7f4a8cf2e43e0f2051449007ab006147faee: file exists"
time="2025-11-03T09:57:51+02:00" level=error msg="Refreshing volume d8b641ec3dcc632435a61ddc74eb75f725d0cb5a47de270699a154ecfbc872b0: acquiring lock 3 for volume d8b641ec3dcc632435a61ddc74eb75f725d0cb5a47de270699a154ecfbc872b0: file exists"
Starting container...                   	[32m [ OK ]
[0mInstalling basic packages...            	[32m [ OK ]
[0mSetting up devpts mounts...             	[32m [ OK ]
[0mSetting up read-only mounts...          	[32m [ OK ]
[0mSetting up read-write mounts...         	[32m [ OK ]
[0mSetting up host's sockets integration...	[32m [ OK ]
[0mIntegrating host's themes, icons, fonts...	[32m [ OK ]
[0mSetting up distrobox profile...         	[32m [ OK ]
[0mSetting up sudo...                      	[32m [ OK ]
[0mSetting up user's group list...         	[32m [ OK ]
[0mSetting up init system...               	[32m [ OK ]
[0mFiring up init system...                	could not load cursor 'dnd-copy'
could not load cursor 'dnd-none'
Unknown OSC escape code 3008, text start=1727b227-37c3-4c1e-90ac-a2f20f994a96;user=atzufuki;hostname=fedora;machineid=254eac9ba50641f08799821a99bff422;bootid=ecff25b3-428f-4f34-ae9a-96283e9384c1;pid=3012;type=shell;cwd=/home/atzufuki
Unknown parameter: ?2004
[32m [ OK ]
[0m
Container Setup Complete!
=== GNOME Session start at ma 3.11.2025 07.59.02 +0000 ===
Waiting for Wayland display...
Found Wayland display: 1
Container environment ready:
  WAYLAND_DISPLAY=1
  XDG_RUNTIME_DIR=/run/user/1000

Verifying systemd user session...
Systemd user session: OK
Starting GNOME Session...
Logs saved to: /home/atzufuki/dotfiles/logs/start-gnome-20251103-075902.log
** Message: 07:59:03.139: Starting GNOME session target: gnome-session-wayland@gnome.target
Unknown parameter: ?2004
Unknown OSC escape code 3008, text start=cfa8de30-0485-413b-a99e-3b2cec2b43ed;user=atzufuki;hostname=fedora;machineid=254eac9ba50641f08799821a99bff422;bootid=ecff25b3-428f-4f34-ae9a-96283e9384c1;pid=3012;type=command;cwd=/home/atzufuki
Unknown OSC escape code 3008, text end=cfa8de30-0485-413b-a99e-3b2cec2b43ed;exit=success
Unknown OSC escape code 3008, text start=1727b227-37c3-4c1e-90ac-a2f20f994a96;user=atzufuki;hostname=fedora;machineid=254eac9ba50641f08799821a99bff422;bootid=ecff25b3-428f-4f34-ae9a-96283e9384c1;pid=3012;type=shell;cwd=/home/atzufuki/dotfiles
Unknown parameter: ?2004
Unknown parameter: ?2004
Unknown OSC escape code 3008, text start=cd12490a-b291-4546-8146-c52209a07fe6;user=atzufuki;hostname=fedora;machineid=254eac9ba50641f08799821a99bff422;bootid=ecff25b3-428f-4f34-ae9a-96283e9384c1;pid=3012;type=command;cwd=/home/atzufuki/dotfiles
Unknown OSC escape code 3008, text end=cd12490a-b291-4546-8146-c52209a07fe6;exit=success
Unknown OSC escape code 3008, text start=1727b227-37c3-4c1e-90ac-a2f20f994a96;user=atzufuki;hostname=fedora;machineid=254eac9ba50641f08799821a99bff422;bootid=ecff25b3-428f-4f34-ae9a-96283e9384c1;pid=3012;type=shell;cwd=/home/atzufuki/dotfiles
Unknown parameter: ?2004
Unknown parameter: ?2004
Unknown OSC escape code 3008, text start=8a552264-22bb-4cfb-bd3a-12a4ec33f3f8;user=atzufuki;hostname=fedora;machineid=254eac9ba50641f08799821a99bff422;bootid=ecff25b3-428f-4f34-ae9a-96283e9384c1;pid=3012;type=command;cwd=/home/atzufuki/dotfiles
