=== Session started at ma 3.11.2025 00.36.40 +0200 ===
Environment:
DBUS_SESSION_BUS_ADDRESS=unix:path=/run/user/1000/bus
DESKTOP_SESSION=distrobox-gnome
GDM_LANG=fi_FI.UTF-8
GDMSESSION=distrobox-gnome
HOME=/home/atzufuki
LANG=fi_FI.UTF-8
LOGNAME=atzufuki
PATH=/usr/local/bin:/usr/bin
PWD=/home/atzufuki
SHELL=/bin/bash
SHLVL=1
USER=atzufuki
USERNAME=atzufuki
_=/usr/bin/env
XDG_CURRENT_DESKTOP=GNOME
XDG_DATA_DIRS=/home/atzufuki/.local/share/flatpak/exports/share:/var/lib/flatpak/exports/share:/usr/local/share/:/usr/share/
XDG_RUNTIME_DIR=/run/user/1000
XDG_SEAT=seat0
XDG_SESSION_CLASS=user
XDG_SESSION_DESKTOP=distrobox-gnome
XDG_SESSION_ID=2
XDG_SESSION_TYPE=wayland
XDG_VTNR=2

Running on TTY, using DRM backend with software rendering
Waiting for Weston to initialize...
Date: 2025-11-03 EET
[00:36:40.374] weston 14.0.2
               https://wayland.freedesktop.org
               Bug reports to: https://gitlab.freedesktop.org/wayland/weston/issues/
               Build: 14.0.2
[00:36:40.375] Command line: weston --backend=drm-backend.so
[00:36:40.375] OS: Linux, 6.17.5-300.fc43.x86_64, #1 SMP PREEMPT_DYNAMIC Thu Oct 23 15:35:13 UTC 2025, x86_64
[00:36:40.375] Flight recorder: enabled
[00:36:40.375] Starting with no config file.
[00:36:40.375] Output repaint window is 7 ms maximum.
[00:36:40.376] Loading module '/usr/lib64/libweston-14/drm-backend.so'
[00:36:40.379] initializing drm backend
[00:36:40.379] Trying libseat launcher...
[00:36:40.382] [libseat/libseat.c:62] Seat opened with backend 'logind'
[00:36:40.383] libseat: session control granted
[00:36:40.386] using /dev/dri/card0
[00:36:40.386] DRM: supports atomic modesetting
[00:36:40.386] DRM: supports GBM modifiers
[00:36:40.386] DRM: does not support Atomic async page flip
[00:36:40.386] DRM: supports picture aspect ratio
VMware: No 3D enabled (0, Success).
VMware: No 3D enabled (0, Success).
[00:36:40.401] Loading module '/usr/lib64/libweston-14/gl-renderer.so'
[00:36:40.403] warning: failed to query rendering device from EGL
[00:36:40.403] EGL version: 1.5
[00:36:40.403] EGL vendor: Mesa Project
[00:36:40.403] EGL client APIs: OpenGL OpenGL_ES 
[00:36:40.403] EGL features:
               EGL Wayland extension: no
               context priority: no
               buffer age: yes
               partial update: no
               swap buffers with damage: no
               configless context: yes
               surfaceless context: yes
               dmabuf support: modifiers
[00:36:40.417] GL version: OpenGL ES 3.2 Mesa 25.2.5
[00:36:40.417] GLSL version: OpenGL ES GLSL ES 3.20
[00:36:40.417] GL vendor: Mesa
[00:36:40.417] GL renderer: llvmpipe (LLVM 21.1.2, 256 bits)
[00:36:40.427] GL ES 3.2 - renderer features:
               read-back format: ARGB8888
               glReadPixels supports y-flip: yes
               glReadPixels supports PBO: yes
               wl_shm 10 bpc formats: yes
               wl_shm 16 bpc formats: yes
               wl_shm half-float formats: yes
               internal R and RG formats: yes
               OES_EGL_image_external: yes
[00:36:40.427] Using GL renderer
[00:36:40.436] event0  - Power Button: is tagged by udev as: Keyboard
[00:36:40.437] event0  - Power Button: device is a keyboard
[00:36:40.439] event1  - Sleep Button: is tagged by udev as: Keyboard
[00:36:40.439] event1  - Sleep Button: device is a keyboard
[00:36:40.441] event5  - Video Bus: is tagged by udev as: Keyboard
[00:36:40.441] event5  - Video Bus: device is a keyboard
[00:36:40.443] event6  - VirtualBox mouse integration: is tagged by udev as: Mouse
[00:36:40.444] event6  - VirtualBox mouse integration: device is a pointer
[00:36:40.497] event4  - VirtualBox USB Tablet: is tagged by udev as: Mouse
[00:36:40.497] event4  - VirtualBox USB Tablet: device is a pointer
[00:36:40.499] event2  - AT Translated Set 2 keyboard: is tagged by udev as: Keyboard
[00:36:40.499] event2  - AT Translated Set 2 keyboard: device is a keyboard
[00:36:40.501] event3  - ImExPS/2 Generic Explorer Mouse: is tagged by udev as: Mouse
[00:36:40.501] event3  - ImExPS/2 Generic Explorer Mouse: emulating high-resolution scroll wheel events.
[00:36:40.501] event3  - ImExPS/2 Generic Explorer Mouse: device is a pointer
[00:36:40.503] event7  - PC Speaker: not tagged as supported input device
[00:36:40.503] event7  - not using input device '/dev/input/event7'
[00:36:40.505] libinput: configuring device "Power Button".
[00:36:40.505] libinput: configuring device "Sleep Button".
[00:36:40.505] libinput: configuring device "Video Bus".
[00:36:40.505] libinput: configuring device "VirtualBox mouse integration".
[00:36:40.505] input device event6 has no enabled output associated (none named), skipping calibration for now.
[00:36:40.505] libinput: configuring device "VirtualBox USB Tablet".
[00:36:40.505] input device event4 has no enabled output associated (none named), skipping calibration for now.
[00:36:40.505] libinput: configuring device "AT Translated Set 2 keyboard".
[00:36:40.505] libinput: configuring device "ImExPS/2 Generic Explorer Mouse".
[00:36:40.506] DRM: head 'Virtual-1' found, connector 42 is connected, EDID make 'unknown', model 'unknown', serial ''
               Supported EOTF modes: SDR
               Supported colorimetry modes: default
[00:36:40.506] DRM: head 'Virtual-2' found, connector 51 is disconnected.
[00:36:40.506] DRM: head 'Virtual-3' found, connector 60 is disconnected.
[00:36:40.506] DRM: head 'Virtual-4' found, connector 69 is disconnected.
[00:36:40.506] DRM: head 'Virtual-5' found, connector 78 is disconnected.
[00:36:40.506] DRM: head 'Virtual-6' found, connector 87 is disconnected.
[00:36:40.506] DRM: head 'Virtual-7' found, connector 96 is disconnected.
[00:36:40.506] DRM: head 'Virtual-8' found, connector 105 is disconnected.
[00:36:40.506] Registered plugin API 'weston_drm_output_api_v1' of size 40
[00:36:40.506] Registered plugin API 'weston_drm_virtual_output_api_v2' of size 48
[00:36:40.506] Color manager: no-op
                 protocol support: no
[00:36:40.506] Output 'Virtual-1' attempts EOTF mode SDR and colorimetry mode default.
[00:36:40.506] Output 'Virtual-1' using color profile: stock sRGB color profile
[00:36:40.506] Chosen EGL config details: id:  31 rgba: 8 8 8 0 buf: 24 dep:  0 stcl: 0 int: 1-1 type: win vis_id: XRGB8888 (0x34325258)
[00:36:40.506] Output Virtual-1 (crtc 44) video modes:
               1601x941@60.0, preferred, current, 114.6 MHz
               1920x1440@60.0, 234.0 MHz
               1856x1392@60.0, 218.2 MHz
               1792x1344@60.0, 204.8 MHz
               2048x1152@60.0, 162.0 MHz
               1920x1200@59.9, 193.2 MHz
               1920x1200@60.0, 154.0 MHz
               1920x1080@60.0, 148.5 MHz
               1600x1200@60.0, 162.0 MHz
               1680x1050@60.0, 146.2 MHz
               1680x1050@59.9, 119.0 MHz
               1400x1050@60.0, 121.8 MHz
               1400x1050@59.9, 101.0 MHz
               1600x900@60.0, 108.0 MHz
               1280x1024@60.0, 108.0 MHz
               1440x900@59.9, 106.5 MHz
               1440x900@59.9, 88.8 MHz
               1280x960@60.0, 108.0 MHz
               1366x768@59.8, 85.5 MHz
               1366x768@60.0, 72.0 MHz
               1360x768@60.0, 85.5 MHz
               1280x800@59.8, 83.5 MHz
               1280x800@59.9, 71.0 MHz
               1280x768@59.9, 79.5 MHz
               1280x768@60.0, 68.2 MHz
               1280x720@60.0, 74.2 MHz
               1024x768@60.0, 65.0 MHz
               800x600@60.3, 40.0 MHz
               800x600@56.2, 36.0 MHz
               848x480@60.0, 33.8 MHz
               640x480@59.9, 25.2 MHz
[00:36:40.506] associating input device event0 with output Virtual-1 (none by udev)
[00:36:40.506] associating input device event1 with output Virtual-1 (none by udev)
[00:36:40.506] associating input device event5 with output Virtual-1 (none by udev)
[00:36:40.506] associating input device event6 with output Virtual-1 (none by udev)
[00:36:40.507] associating input device event4 with output Virtual-1 (none by udev)
[00:36:40.507] associating input device event2 with output Virtual-1 (none by udev)
[00:36:40.507] associating input device event3 with output Virtual-1 (none by udev)
[00:36:40.507] Output 'Virtual-1' enabled with head(s) Virtual-1
[00:36:40.507] Compositor capabilities:
               arbitrary surface rotation: yes
               screen capture uses y-flip: yes
               cursor planes: yes
               arbitrary resolutions: no
               view mask clipping: yes
               explicit sync: yes
               color operations: yes
               presentation clock: CLOCK_MONOTONIC, id 1
               presentation clock resolution: 0.000000001 s
[00:36:40.508] Loading module '/usr/lib64/weston/desktop-shell.so'
[00:36:40.508] launching '/usr/libexec/weston-keyboard'
[00:36:40.510] launching '/usr/libexec/weston-desktop-shell'
could not load cursor 'dnd-copy'
could not load cursor 'dnd-none'
could not load cursor 'dnd-copy'
could not load cursor 'dnd-none'
Weston ready
Starting GNOME session at ma 3.11.2025 00.36.40 +0200
GNOME session PID: 2040
Waiting for GNOME session to finish...
time="2025-11-03T00:36:41+02:00" level=error msg="Refreshing volume fc4ff71c125220c99fcc2751ae49bce513450530a858dad51da58eeeeb83f4de: acquiring lock 1 for volume fc4ff71c125220c99fcc2751ae49bce513450530a858dad51da58eeeeb83f4de: file exists"
time="2025-11-03T00:36:41+02:00" level=error msg="Refreshing volume b0baba30300b187aaa9d01e634c7414bac2697b74c5a527f00be65ca063ead7f: acquiring lock 2 for volume b0baba30300b187aaa9d01e634c7414bac2697b74c5a527f00be65ca063ead7f: file exists"
time="2025-11-03T00:36:41+02:00" level=error msg="Refreshing volume aa8ba2b2829bd4dd81396a3978317a99ef8a61bade6eaeb5f5fc0604965645ac: acquiring lock 3 for volume aa8ba2b2829bd4dd81396a3978317a99ef8a61bade6eaeb5f5fc0604965645ac: file exists"
Starting container...                   	[32m [ OK ]
[0mInstalling basic packages...            	[32m [ OK ]
[0mSetting up devpts mounts...             	[32m [ OK ]
[0mSetting up read-only mounts...          	[32m [ OK ]
[0mSetting up read-write mounts...         	[32m [ OK ]
[0mSetting up host's sockets integration...	[32m [ OK ]
[0mIntegrating host's themes, icons, fonts...	[32m [ OK ]
[0mSetting up distrobox profile...         	[32m [ OK ]
[0mSetting up sudo...                      	[32m [ OK ]
[0mSetting up user's group list...         	[32m [ OK ]
[0m
Container Setup Complete!
=== GNOME Session start at ma 3.11.2025 00.36.45 +0200 ===
Waiting for Wayland display...
Found Wayland display: 1
Container environment ready:
  WAYLAND_DISPLAY=1
  XDG_RUNTIME_DIR=/run/user/1000

Starting GNOME Session...
Logs saved to: /home/atzufuki/dotfiles/logs/start-gnome-20251103-003645.log
GNOME session started with PID: 2687
** Message: 00:36:45.243: Starting GNOME session target: gnome-session-wayland@gnome.target
